# JRE version: Java(TM) SE Runtime Environment (8.0_181-b13) (build 1.8.0_181-b13)
# Java VM: Java HotSpot(TM) 64-Bit Server VM (25.181-b13 mixed mode windows-amd64 compressed oops)
Heap:
 PSYoungGen      total 154624K, used 21504K [0x00000000d6000000, 0x00000000e0c00000, 0x0000000100000000)
  eden space 140288K, 5% used [0x00000000d6000000,0x00000000d67053f0,0x00000000de900000)
  from space 14336K, 99% used [0x00000000df000000,0x00000000dfdfaff0,0x00000000dfe00000)
  to   space 8192K, 0% used [0x00000000e0400000,0x00000000e0400000,0x00000000e0c00000)
 ParOldGen       total 99840K, used 24115K [0x0000000082000000, 0x0000000088180000, 0x00000000d6000000)
  object space 99840K, 24% used [0x0000000082000000,0x000000008378cc70,0x0000000088180000)
 Metaspace       used 46688K, capacity 47152K, committed 47488K, reserved 1091584K
  class space    used 5548K, capacity 5682K, committed 5760K, reserved 1048576K
GC Heap History (10 events):
Event: 5.777 GC heap before
{Heap before GC invocations=7 (full 1):
 PSYoungGen      total 70656K, used 70640K [0x00000000d6000000, 0x00000000dd680000, 0x0000000100000000)
  eden space 65536K, 100% used [0x00000000d6000000,0x00000000da000000,0x00000000da000000)
  from space 5120K, 99% used [0x00000000da000000,0x00000000da4fc200,0x00000000da500000)
  to   space 9728K, 0% used [0x00000000dcd00000,0x00000000dcd00000,0x00000000dd680000)
 ParOldGen       total 58368K, used 7682K [0x0000000082000000, 0x0000000085900000, 0x00000000d6000000)
  object space 58368K, 13% used [0x0000000082000000,0x0000000082780bc0,0x0000000085900000)
 Metaspace       used 29229K, capacity 29588K, committed 29824K, reserved 1075200K
  class space    used 3598K, capacity 3701K, committed 3712K, reserved 1048576K
Event: 5.793 GC heap after
Heap after GC invocations=7 (full 1):
 PSYoungGen      total 109568K, used 9712K [0x00000000d6000000, 0x00000000dd880000, 0x0000000100000000)
  eden space 99840K, 0% used [0x00000000d6000000,0x00000000d6000000,0x00000000dc180000)
  from space 9728K, 99% used [0x00000000dcd00000,0x00000000dd67c3b0,0x00000000dd680000)
  to   space 11776K, 0% used [0x00000000dc180000,0x00000000dc180000,0x00000000dcd00000)
 ParOldGen       total 58368K, used 9188K [0x0000000082000000, 0x0000000085900000, 0x00000000d6000000)
  object space 58368K, 15% used [0x0000000082000000,0x00000000828f91b8,0x0000000085900000)
 Metaspace       used 29229K, capacity 29588K, committed 29824K, reserved 1075200K
  class space    used 3598K, capacity 3701K, committed 3712K, reserved 1048576K
}
Event: 6.997 GC heap before
{Heap before GC invocations=8 (full 1):
 PSYoungGen      total 109568K, used 95616K [0x00000000d6000000, 0x00000000dd880000, 0x0000000100000000)
  eden space 99840K, 86% used [0x00000000d6000000,0x00000000db3e3f48,0x00000000dc180000)
  from space 9728K, 99% used [0x00000000dcd00000,0x00000000dd67c3b0,0x00000000dd680000)
  to   space 11776K, 0% used [0x00000000dc180000,0x00000000dc180000,0x00000000dcd00000)
 ParOldGen       total 58368K, used 9188K [0x0000000082000000, 0x0000000085900000, 0x00000000d6000000)
  object space 58368K, 15% used [0x0000000082000000,0x00000000828f91b8,0x0000000085900000)
 Metaspace       used 34937K, capacity 35206K, committed 35456K, reserved 1081344K
  class space    used 4312K, capacity 4376K, committed 4480K, reserved 1048576K
Event: 7.022 GC heap after
Heap after GC invocations=8 (full 1):
 PSYoungGen      total 111616K, used 11775K [0x00000000d6000000, 0x00000000e1300000, 0x0000000100000000)
  eden space 99840K, 0% used [0x00000000d6000000,0x00000000d6000000,0x00000000dc180000)
  from space 11776K, 99% used [0x00000000dc180000,0x00000000dccffe08,0x00000000dcd00000)
  to   space 15360K, 0% used [0x00000000e0400000,0x00000000e0400000,0x00000000e1300000)
 ParOldGen       total 58368K, used 12454K [0x0000000082000000, 0x0000000085900000, 0x00000000d6000000)
  object space 58368K, 21% used [0x0000000082000000,0x0000000082c29b08,0x0000000085900000)
 Metaspace       used 34937K, capacity 35206K, committed 35456K, reserved 1081344K
  class space    used 4312K, capacity 4376K, committed 4480K, reserved 1048576K
}
Event: 7.022 GC heap before
{Heap before GC invocations=9 (full 2):
 PSYoungGen      total 111616K, used 11775K [0x00000000d6000000, 0x00000000e1300000, 0x0000000100000000)
  eden space 99840K, 0% used [0x00000000d6000000,0x00000000d6000000,0x00000000dc180000)
  from space 11776K, 99% used [0x00000000dc180000,0x00000000dccffe08,0x00000000dcd00000)
  to   space 15360K, 0% used [0x00000000e0400000,0x00000000e0400000,0x00000000e1300000)
 ParOldGen       total 58368K, used 12454K [0x0000000082000000, 0x0000000085900000, 0x00000000d6000000)
  object space 58368K, 21% used [0x0000000082000000,0x0000000082c29b08,0x0000000085900000)
 Metaspace       used 34937K, capacity 35206K, committed 35456K, reserved 1081344K
  class space    used 4312K, capacity 4376K, committed 4480K, reserved 1048576K
Event: 7.162 GC heap after
Heap after GC invocations=9 (full 2):
 PSYoungGen      total 111616K, used 0K [0x00000000d6000000, 0x00000000e1300000, 0x0000000100000000)
  eden space 99840K, 0% used [0x00000000d6000000,0x00000000d6000000,0x00000000dc180000)
  from space 11776K, 0% used [0x00000000dc180000,0x00000000dc180000,0x00000000dcd00000)
  to   space 15360K, 0% used [0x00000000e0400000,0x00000000e0400000,0x00000000e1300000)
 ParOldGen       total 99840K, used 20733K [0x0000000082000000, 0x0000000088180000, 0x00000000d6000000)
  object space 99840K, 20% used [0x0000000082000000,0x000000008343f600,0x0000000088180000)
 Metaspace       used 34937K, capacity 35206K, committed 35456K, reserved 1081344K
  class space    used 4312K, capacity 4376K, committed 4480K, reserved 1048576K
}
Event: 8.449 GC heap before
{Heap before GC invocations=10 (full 2):
 PSYoungGen      total 111616K, used 99840K [0x00000000d6000000, 0x00000000e1300000, 0x0000000100000000)
  eden space 99840K, 100% used [0x00000000d6000000,0x00000000dc180000,0x00000000dc180000)
  from space 11776K, 0% used [0x00000000dc180000,0x00000000dc180000,0x00000000dcd00000)
  to   space 15360K, 0% used [0x00000000e0400000,0x00000000e0400000,0x00000000e1300000)
 ParOldGen       total 99840K, used 20733K [0x0000000082000000, 0x0000000088180000, 0x00000000d6000000)
  object space 99840K, 20% used [0x0000000082000000,0x000000008343f600,0x0000000088180000)
 Metaspace       used 38463K, capacity 38892K, committed 39168K, reserved 1083392K
  class space    used 4680K, capacity 4787K, committed 4864K, reserved 1048576K
Event: 8.469 GC heap after
Heap after GC invocations=10 (full 2):
 PSYoungGen      total 148480K, used 7889K [0x00000000d6000000, 0x00000000e0c00000, 0x0000000100000000)
  eden space 140288K, 0% used [0x00000000d6000000,0x00000000d6000000,0x00000000de900000)
  from space 8192K, 96% used [0x00000000e0400000,0x00000000e0bb47e8,0x00000000e0c00000)
  to   space 14336K, 0% used [0x00000000df000000,0x00000000df000000,0x00000000dfe00000)
 ParOldGen       total 99840K, used 20741K [0x0000000082000000, 0x0000000088180000, 0x00000000d6000000)
  object space 99840K, 20% used [0x0000000082000000,0x0000000083441600,0x0000000088180000)
 Metaspace       used 38463K, capacity 38892K, committed 39168K, reserved 1083392K
  class space    used 4680K, capacity 4787K, committed 4864K, reserved 1048576K
}
Event: 922.811 GC heap before
{Heap before GC invocations=11 (full 2):
 PSYoungGen      total 148480K, used 148177K [0x00000000d6000000, 0x00000000e0c00000, 0x0000000100000000)
  eden space 140288K, 100% used [0x00000000d6000000,0x00000000de900000,0x00000000de900000)
  from space 8192K, 96% used [0x00000000e0400000,0x00000000e0bb47e8,0x00000000e0c00000)
  to   space 14336K, 0% used [0x00000000df000000,0x00000000df000000,0x00000000dfe00000)
 ParOldGen       total 99840K, used 20741K [0x0000000082000000, 0x0000000088180000, 0x00000000d6000000)
  object space 99840K, 20% used [0x0000000082000000,0x0000000083441600,0x0000000088180000)
 Metaspace       used 46651K, capacity 47152K, committed 47488K, reserved 1091584K
  class space    used 5547K, capacity 5682K, committed 5760K, reserved 1048576K
Event: 922.835 GC heap after
Heap after GC invocations=11 (full 2):
 PSYoungGen      total 154624K, used 14315K [0x00000000d6000000, 0x00000000e0c00000, 0x0000000100000000)
  eden space 140288K, 0% used [0x00000000d6000000,0x00000000d6000000,0x00000000de900000)
  from space 14336K, 99% used [0x00000000df000000,0x00000000dfdfaff0,0x00000000dfe00000)
  to   space 8192K, 0% used [0x00000000e0400000,0x00000000e0400000,0x00000000e0c00000)
 ParOldGen       total 99840K, used 24115K [0x0000000082000000, 0x0000000088180000, 0x00000000d6000000)
  object space 99840K, 24% used [0x0000000082000000,0x000000008378cc70,0x0000000088180000)
 Metaspace       used 46651K, capacity 47152K, committed 47488K, reserved 1091584K
  class space    used 5547K, capacity 5682K, committed 5760K, reserved 1048576K
}

