# JRE version: Java(TM) SE Runtime Environment (8.0_181-b13) (build 1.8.0_181-b13)
# Java VM: Java HotSpot(TM) 64-Bit Server VM (25.181-b13 mixed mode windows-amd64 compressed oops)
Heap:
 PSYoungGen      total 240128K, used 47152K [0x00000000d6000000, 0x00000000ebf80000, 0x0000000100000000)
  eden space 225280K, 14% used [0x00000000d6000000,0x00000000d7f8db50,0x00000000e3c00000)
  from space 14848K, 99% used [0x00000000e3c00000,0x00000000e4a7e720,0x00000000e4a80000)
  to   space 17920K, 0% used [0x00000000eae00000,0x00000000eae00000,0x00000000ebf80000)
 ParOldGen       total 69632K, used 21778K [0x0000000082000000, 0x0000000086400000, 0x00000000d6000000)
  object space 69632K, 31% used [0x0000000082000000,0x0000000083544a18,0x0000000086400000)
 Metaspace       used 48014K, capacity 48574K, committed 48896K, reserved 1091584K
  class space    used 5733K, capacity 5883K, committed 5888K, reserved 1048576K
GC Heap History (10 events):
Event: 3.584 GC heap before
{Heap before GC invocations=7 (full 1):
 PSYoungGen      total 70656K, used 65536K [0x00000000d6000000, 0x00000000df400000, 0x0000000100000000)
  eden space 65536K, 100% used [0x00000000d6000000,0x00000000da000000,0x00000000da000000)
  from space 5120K, 0% used [0x00000000da000000,0x00000000da000000,0x00000000da500000)
  to   space 10240K, 0% used [0x00000000dea00000,0x00000000dea00000,0x00000000df400000)
 ParOldGen       total 47616K, used 6882K [0x0000000082000000, 0x0000000084e80000, 0x00000000d6000000)
  object space 47616K, 14% used [0x0000000082000000,0x00000000826b89a8,0x0000000084e80000)
 Metaspace       used 24283K, capacity 24590K, committed 24832K, reserved 1071104K
  class space    used 2962K, capacity 3022K, committed 3072K, reserved 1048576K
Event: 3.598 GC heap after
Heap after GC invocations=7 (full 1):
 PSYoungGen      total 129024K, used 6118K [0x00000000d6000000, 0x00000000df000000, 0x0000000100000000)
  eden space 122880K, 0% used [0x00000000d6000000,0x00000000d6000000,0x00000000dd800000)
  from space 6144K, 99% used [0x00000000dea00000,0x00000000deff98e0,0x00000000df000000)
  to   space 9728K, 0% used [0x00000000ddd00000,0x00000000ddd00000,0x00000000de680000)
 ParOldGen       total 47616K, used 6890K [0x0000000082000000, 0x0000000084e80000, 0x00000000d6000000)
  object space 47616K, 14% used [0x0000000082000000,0x00000000826ba9a8,0x0000000084e80000)
 Metaspace       used 24283K, capacity 24590K, committed 24832K, reserved 1071104K
  class space    used 2962K, capacity 3022K, committed 3072K, reserved 1048576K
}
Event: 6.042 GC heap before
{Heap before GC invocations=8 (full 1):
 PSYoungGen      total 129024K, used 128998K [0x00000000d6000000, 0x00000000df000000, 0x0000000100000000)
  eden space 122880K, 100% used [0x00000000d6000000,0x00000000dd800000,0x00000000dd800000)
  from space 6144K, 99% used [0x00000000dea00000,0x00000000deff98e0,0x00000000df000000)
  to   space 9728K, 0% used [0x00000000ddd00000,0x00000000ddd00000,0x00000000de680000)
 ParOldGen       total 47616K, used 6890K [0x0000000082000000, 0x0000000084e80000, 0x00000000d6000000)
  object space 47616K, 14% used [0x0000000082000000,0x00000000826ba9a8,0x0000000084e80000)
 Metaspace       used 31396K, capacity 31704K, committed 31872K, reserved 1077248K
  class space    used 3865K, capacity 3957K, committed 3968K, reserved 1048576K
Event: 6.055 GC heap after
Heap after GC invocations=8 (full 1):
 PSYoungGen      total 137728K, used 9697K [0x00000000d6000000, 0x00000000e5780000, 0x0000000100000000)
  eden space 128000K, 0% used [0x00000000d6000000,0x00000000d6000000,0x00000000ddd00000)
  from space 9728K, 99% used [0x00000000ddd00000,0x00000000de678780,0x00000000de680000)
  to   space 13312K, 0% used [0x00000000e4a80000,0x00000000e4a80000,0x00000000e5780000)
 ParOldGen       total 47616K, used 11902K [0x0000000082000000, 0x0000000084e80000, 0x00000000d6000000)
  object space 47616K, 24% used [0x0000000082000000,0x0000000082b9f868,0x0000000084e80000)
 Metaspace       used 31396K, capacity 31704K, committed 31872K, reserved 1077248K
  class space    used 3865K, capacity 3957K, committed 3968K, reserved 1048576K
}
Event: 6.677 GC heap before
{Heap before GC invocations=9 (full 1):
 PSYoungGen      total 137728K, used 50994K [0x00000000d6000000, 0x00000000e5780000, 0x0000000100000000)
  eden space 128000K, 32% used [0x00000000d6000000,0x00000000d8854258,0x00000000ddd00000)
  from space 9728K, 99% used [0x00000000ddd00000,0x00000000de678780,0x00000000de680000)
  to   space 13312K, 0% used [0x00000000e4a80000,0x00000000e4a80000,0x00000000e5780000)
 ParOldGen       total 47616K, used 11902K [0x0000000082000000, 0x0000000084e80000, 0x00000000d6000000)
  object space 47616K, 24% used [0x0000000082000000,0x0000000082b9f868,0x0000000084e80000)
 Metaspace       used 34962K, capacity 35236K, committed 35456K, reserved 1081344K
  class space    used 4321K, capacity 4407K, committed 4480K, reserved 1048576K
Event: 6.689 GC heap after
Heap after GC invocations=9 (full 1):
 PSYoungGen      total 238592K, used 12967K [0x00000000d6000000, 0x00000000e5f80000, 0x0000000100000000)
  eden space 225280K, 0% used [0x00000000d6000000,0x00000000d6000000,0x00000000e3c00000)
  from space 13312K, 97% used [0x00000000e4a80000,0x00000000e5729c58,0x00000000e5780000)
  to   space 14848K, 0% used [0x00000000e3c00000,0x00000000e3c00000,0x00000000e4a80000)
 ParOldGen       total 47616K, used 11910K [0x0000000082000000, 0x0000000084e80000, 0x00000000d6000000)
  object space 47616K, 25% used [0x0000000082000000,0x0000000082ba1868,0x0000000084e80000)
 Metaspace       used 34962K, capacity 35236K, committed 35456K, reserved 1081344K
  class space    used 4321K, capacity 4407K, committed 4480K, reserved 1048576K
}
Event: 6.689 GC heap before
{Heap before GC invocations=10 (full 2):
 PSYoungGen      total 238592K, used 12967K [0x00000000d6000000, 0x00000000e5f80000, 0x0000000100000000)
  eden space 225280K, 0% used [0x00000000d6000000,0x00000000d6000000,0x00000000e3c00000)
  from space 13312K, 97% used [0x00000000e4a80000,0x00000000e5729c58,0x00000000e5780000)
  to   space 14848K, 0% used [0x00000000e3c00000,0x00000000e3c00000,0x00000000e4a80000)
 ParOldGen       total 47616K, used 11910K [0x0000000082000000, 0x0000000084e80000, 0x00000000d6000000)
  object space 47616K, 25% used [0x0000000082000000,0x0000000082ba1868,0x0000000084e80000)
 Metaspace       used 34962K, capacity 35236K, committed 35456K, reserved 1081344K
  class space    used 4321K, capacity 4407K, committed 4480K, reserved 1048576K
Event: 6.782 GC heap after
Heap after GC invocations=10 (full 2):
 PSYoungGen      total 238592K, used 0K [0x00000000d6000000, 0x00000000e5f80000, 0x0000000100000000)
  eden space 225280K, 0% used [0x00000000d6000000,0x00000000d6000000,0x00000000e3c00000)
  from space 13312K, 0% used [0x00000000e4a80000,0x00000000e4a80000,0x00000000e5780000)
  to   space 14848K, 0% used [0x00000000e3c00000,0x00000000e3c00000,0x00000000e4a80000)
 ParOldGen       total 69632K, used 19283K [0x0000000082000000, 0x0000000086400000, 0x00000000d6000000)
  object space 69632K, 27% used [0x0000000082000000,0x00000000832d4e00,0x0000000086400000)
 Metaspace       used 34962K, capacity 35236K, committed 35456K, reserved 1081344K
  class space    used 4321K, capacity 4407K, committed 4480K, reserved 1048576K
}
Event: 89.945 GC heap before
{Heap before GC invocations=11 (full 2):
 PSYoungGen      total 238592K, used 225280K [0x00000000d6000000, 0x00000000e5f80000, 0x0000000100000000)
  eden space 225280K, 100% used [0x00000000d6000000,0x00000000e3c00000,0x00000000e3c00000)
  from space 13312K, 0% used [0x00000000e4a80000,0x00000000e4a80000,0x00000000e5780000)
  to   space 14848K, 0% used [0x00000000e3c00000,0x00000000e3c00000,0x00000000e4a80000)
 ParOldGen       total 69632K, used 19283K [0x0000000082000000, 0x0000000086400000, 0x00000000d6000000)
  object space 69632K, 27% used [0x0000000082000000,0x00000000832d4e00,0x0000000086400000)
 Metaspace       used 45536K, capacity 46078K, committed 46464K, reserved 1089536K
  class space    used 5515K, capacity 5659K, committed 5760K, reserved 1048576K
Event: 89.969 GC heap after
Heap after GC invocations=11 (full 2):
 PSYoungGen      total 240128K, used 14841K [0x00000000d6000000, 0x00000000ebf80000, 0x0000000100000000)
  eden space 225280K, 0% used [0x00000000d6000000,0x00000000d6000000,0x00000000e3c00000)
  from space 14848K, 99% used [0x00000000e3c00000,0x00000000e4a7e720,0x00000000e4a80000)
  to   space 17920K, 0% used [0x00000000eae00000,0x00000000eae00000,0x00000000ebf80000)
 ParOldGen       total 69632K, used 21778K [0x0000000082000000, 0x0000000086400000, 0x00000000d6000000)
  object space 69632K, 31% used [0x0000000082000000,0x0000000083544a18,0x0000000086400000)
 Metaspace       used 45536K, capacity 46078K, committed 46464K, reserved 1089536K
  class space    used 5515K, capacity 5659K, committed 5760K, reserved 1048576K
}

