# JRE version: Java(TM) SE Runtime Environment (8.0_181-b13) (build 1.8.0_181-b13)
# Java VM: Java HotSpot(TM) 64-Bit Server VM (25.181-b13 mixed mode windows-amd64 compressed oops)
Heap:
 PSYoungGen      total 32256K, used 8672K [0x00000000d6000000, 0x00000000daf00000, 0x0000000100000000)
  eden space 27136K, 21% used [0x00000000d6000000,0x00000000d65a51b8,0x00000000d7a80000)
  from space 5120K, 56% used [0x00000000d8500000,0x00000000d87d31e8,0x00000000d8a00000)
  to   space 10752K, 0% used [0x00000000d7a80000,0x00000000d7a80000,0x00000000d8500000)
 ParOldGen       total 49664K, used 6523K [0x0000000082000000, 0x0000000085080000, 0x00000000d6000000)
  object space 49664K, 13% used [0x0000000082000000,0x000000008265ee30,0x0000000085080000)
 Metaspace       used 23557K, capacity 23856K, committed 24064K, reserved 1073152K
  class space    used 2895K, capacity 2991K, committed 3072K, reserved 1048576K
GC Heap History (10 events):
Event: 1.814 GC heap before
{Heap before GC invocations=3 (full 0):
 PSYoungGen      total 37888K, used 37874K [0x00000000d6000000, 0x00000000d8a00000, 0x0000000100000000)
  eden space 32768K, 100% used [0x00000000d6000000,0x00000000d8000000,0x00000000d8000000)
  from space 5120K, 99% used [0x00000000d8500000,0x00000000d89fca88,0x00000000d8a00000)
  to   space 5120K, 0% used [0x00000000d8000000,0x00000000d8000000,0x00000000d8500000)
 ParOldGen       total 86016K, used 16K [0x0000000082000000, 0x0000000087400000, 0x00000000d6000000)
  object space 86016K, 0% used [0x0000000082000000,0x0000000082004088,0x0000000087400000)
 Metaspace       used 16670K, capacity 16856K, committed 17024K, reserved 1067008K
  class space    used 2090K, capacity 2110K, committed 2176K, reserved 1048576K
Event: 1.822 GC heap after
Heap after GC invocations=3 (full 0):
 PSYoungGen      total 37888K, used 5106K [0x00000000d6000000, 0x00000000d8a00000, 0x0000000100000000)
  eden space 32768K, 0% used [0x00000000d6000000,0x00000000d6000000,0x00000000d8000000)
  from space 5120K, 99% used [0x00000000d8000000,0x00000000d84fca50,0x00000000d8500000)
  to   space 5120K, 0% used [0x00000000d8500000,0x00000000d8500000,0x00000000d8a00000)
 ParOldGen       total 86016K, used 3495K [0x0000000082000000, 0x0000000087400000, 0x00000000d6000000)
  object space 86016K, 4% used [0x0000000082000000,0x0000000082369f10,0x0000000087400000)
 Metaspace       used 16670K, capacity 16856K, committed 17024K, reserved 1067008K
  class space    used 2090K, capacity 2110K, committed 2176K, reserved 1048576K
}
Event: 2.283 GC heap before
{Heap before GC invocations=4 (full 0):
 PSYoungGen      total 37888K, used 37874K [0x00000000d6000000, 0x00000000d8a00000, 0x0000000100000000)
  eden space 32768K, 100% used [0x00000000d6000000,0x00000000d8000000,0x00000000d8000000)
  from space 5120K, 99% used [0x00000000d8000000,0x00000000d84fca50,0x00000000d8500000)
  to   space 5120K, 0% used [0x00000000d8500000,0x00000000d8500000,0x00000000d8a00000)
 ParOldGen       total 86016K, used 3501K [0x0000000082000000, 0x0000000087400000, 0x00000000d6000000)
  object space 86016K, 4% used [0x0000000082000000,0x000000008236b6a8,0x0000000087400000)
 Metaspace       used 20975K, capacity 21180K, committed 21296K, reserved 1071104K
  class space    used 2580K, capacity 2612K, committed 2688K, reserved 1048576K
Event: 2.294 GC heap after
Heap after GC invocations=4 (full 0):
 PSYoungGen      total 37888K, used 5114K [0x00000000d6000000, 0x00000000d8a00000, 0x0000000100000000)
  eden space 32768K, 0% used [0x00000000d6000000,0x00000000d6000000,0x00000000d8000000)
  from space 5120K, 99% used [0x00000000d8500000,0x00000000d89fea80,0x00000000d8a00000)
  to   space 5120K, 0% used [0x00000000d8000000,0x00000000d8000000,0x00000000d8500000)
 ParOldGen       total 86016K, used 7237K [0x0000000082000000, 0x0000000087400000, 0x00000000d6000000)
  object space 86016K, 8% used [0x0000000082000000,0x0000000082711778,0x0000000087400000)
 Metaspace       used 20975K, capacity 21180K, committed 21296K, reserved 1071104K
  class space    used 2580K, capacity 2612K, committed 2688K, reserved 1048576K
}
Event: 2.307 GC heap before
{Heap before GC invocations=5 (full 0):
 PSYoungGen      total 37888K, used 6680K [0x00000000d6000000, 0x00000000d8a00000, 0x0000000100000000)
  eden space 32768K, 4% used [0x00000000d6000000,0x00000000d6187850,0x00000000d8000000)
  from space 5120K, 99% used [0x00000000d8500000,0x00000000d89fea80,0x00000000d8a00000)
  to   space 5120K, 0% used [0x00000000d8000000,0x00000000d8000000,0x00000000d8500000)
 ParOldGen       total 86016K, used 7237K [0x0000000082000000, 0x0000000087400000, 0x00000000d6000000)
  object space 86016K, 8% used [0x0000000082000000,0x0000000082711778,0x0000000087400000)
 Metaspace       used 21020K, capacity 21180K, committed 21296K, reserved 1071104K
  class space    used 2584K, capacity 2612K, committed 2688K, reserved 1048576K
Event: 2.313 GC heap after
Heap after GC invocations=5 (full 0):
 PSYoungGen      total 37888K, used 5096K [0x00000000d6000000, 0x00000000d8a00000, 0x0000000100000000)
  eden space 32768K, 0% used [0x00000000d6000000,0x00000000d6000000,0x00000000d8000000)
  from space 5120K, 99% used [0x00000000d8000000,0x00000000d84fa230,0x00000000d8500000)
  to   space 5120K, 0% used [0x00000000d8500000,0x00000000d8500000,0x00000000d8a00000)
 ParOldGen       total 86016K, used 7401K [0x0000000082000000, 0x0000000087400000, 0x00000000d6000000)
  object space 86016K, 8% used [0x0000000082000000,0x000000008273a620,0x0000000087400000)
 Metaspace       used 21020K, capacity 21180K, committed 21296K, reserved 1071104K
  class space    used 2584K, capacity 2612K, committed 2688K, reserved 1048576K
}
Event: 2.313 GC heap before
{Heap before GC invocations=6 (full 1):
 PSYoungGen      total 37888K, used 5096K [0x00000000d6000000, 0x00000000d8a00000, 0x0000000100000000)
  eden space 32768K, 0% used [0x00000000d6000000,0x00000000d6000000,0x00000000d8000000)
  from space 5120K, 99% used [0x00000000d8000000,0x00000000d84fa230,0x00000000d8500000)
  to   space 5120K, 0% used [0x00000000d8500000,0x00000000d8500000,0x00000000d8a00000)
 ParOldGen       total 86016K, used 7401K [0x0000000082000000, 0x0000000087400000, 0x00000000d6000000)
  object space 86016K, 8% used [0x0000000082000000,0x000000008273a620,0x0000000087400000)
 Metaspace       used 21020K, capacity 21180K, committed 21296K, reserved 1071104K
  class space    used 2584K, capacity 2612K, committed 2688K, reserved 1048576K
Event: 2.351 GC heap after
Heap after GC invocations=6 (full 1):
 PSYoungGen      total 37888K, used 0K [0x00000000d6000000, 0x00000000d8a00000, 0x0000000100000000)
  eden space 32768K, 0% used [0x00000000d6000000,0x00000000d6000000,0x00000000d8000000)
  from space 5120K, 0% used [0x00000000d8000000,0x00000000d8000000,0x00000000d8500000)
  to   space 5120K, 0% used [0x00000000d8500000,0x00000000d8500000,0x00000000d8a00000)
 ParOldGen       total 49664K, used 6515K [0x0000000082000000, 0x0000000085080000, 0x00000000d6000000)
  object space 49664K, 13% used [0x0000000082000000,0x000000008265ce30,0x0000000085080000)
 Metaspace       used 21020K, capacity 21180K, committed 21296K, reserved 1071104K
  class space    used 2584K, capacity 2612K, committed 2688K, reserved 1048576K
}
Event: 2.733 GC heap before
{Heap before GC invocations=7 (full 1):
 PSYoungGen      total 37888K, used 32768K [0x00000000d6000000, 0x00000000d8a00000, 0x0000000100000000)
  eden space 32768K, 100% used [0x00000000d6000000,0x00000000d8000000,0x00000000d8000000)
  from space 5120K, 0% used [0x00000000d8000000,0x00000000d8000000,0x00000000d8500000)
  to   space 5120K, 0% used [0x00000000d8500000,0x00000000d8500000,0x00000000d8a00000)
 ParOldGen       total 49664K, used 6515K [0x0000000082000000, 0x0000000085080000, 0x00000000d6000000)
  object space 49664K, 13% used [0x0000000082000000,0x000000008265ce30,0x0000000085080000)
 Metaspace       used 23450K, capacity 23754K, committed 24064K, reserved 1073152K
  class space    used 2881K, capacity 2958K, committed 3072K, reserved 1048576K
Event: 2.738 GC heap after
Heap after GC invocations=7 (full 1):
 PSYoungGen      total 32256K, used 2892K [0x00000000d6000000, 0x00000000daf00000, 0x0000000100000000)
  eden space 27136K, 0% used [0x00000000d6000000,0x00000000d6000000,0x00000000d7a80000)
  from space 5120K, 56% used [0x00000000d8500000,0x00000000d87d31e8,0x00000000d8a00000)
  to   space 10752K, 0% used [0x00000000d7a80000,0x00000000d7a80000,0x00000000d8500000)
 ParOldGen       total 49664K, used 6523K [0x0000000082000000, 0x0000000085080000, 0x00000000d6000000)
  object space 49664K, 13% used [0x0000000082000000,0x000000008265ee30,0x0000000085080000)
 Metaspace       used 23450K, capacity 23754K, committed 24064K, reserved 1073152K
  class space    used 2881K, capacity 2958K, committed 3072K, reserved 1048576K
}

